{"/Users/michael.may/Projects/_starter-api-nest/src/_core/lib/crypt.ts": {"path":"/Users/michael.may/Projects/_starter-api-nest/src/_core/lib/crypt.ts","statementMap":{"0":{"start":{"line":4,"column":0},"end":{"line":4,"column":33}},"1":{"start":{"line":6,"column":0},"end":{"line":6,"column":null}},"2":{"start":{"line":7,"column":1},"end":{"line":7,"column":null}},"3":{"start":{"line":8,"column":1},"end":{"line":8,"column":null}},"4":{"start":{"line":9,"column":1},"end":{"line":9,"column":null}},"5":{"start":{"line":10,"column":1},"end":{"line":10,"column":null}},"6":{"start":{"line":13,"column":0},"end":{"line":13,"column":null}},"7":{"start":{"line":14,"column":1},"end":{"line":14,"column":null}},"8":{"start":{"line":15,"column":1},"end":{"line":15,"column":null}},"9":{"start":{"line":16,"column":1},"end":{"line":16,"column":null}},"10":{"start":{"line":17,"column":1},"end":{"line":17,"column":null}},"11":{"start":{"line":21,"column":18},"end":{"line":21,"column":55}},"12":{"start":{"line":29,"column":2},"end":{"line":31,"column":null}},"13":{"start":{"line":30,"column":3},"end":{"line":30,"column":14}},"14":{"start":{"line":32,"column":14},"end":{"line":32,"column":39}},"15":{"start":{"line":34,"column":2},"end":{"line":34,"column":null}},"16":{"start":{"line":43,"column":2},"end":{"line":45,"column":null}},"17":{"start":{"line":44,"column":3},"end":{"line":44,"column":14}},"18":{"start":{"line":46,"column":14},"end":{"line":46,"column":39}},"19":{"start":{"line":48,"column":2},"end":{"line":48,"column":29}},"20":{"start":{"line":58,"column":17},"end":{"line":58,"column":81}},"21":{"start":{"line":60,"column":2},"end":{"line":60,"column":72}},"22":{"start":{"line":70,"column":19},"end":{"line":70,"column":85}},"23":{"start":{"line":72,"column":2},"end":{"line":72,"column":66}},"24":{"start":{"line":76,"column":14},"end":{"line":76,"column":41}},"25":{"start":{"line":77,"column":2},"end":{"line":77,"column":28}},"26":{"start":{"line":78,"column":2},"end":{"line":78,"column":30}},"27":{"start":{"line":20,"column":0},"end":{"line":20,"column":13}}},"fnMap":{"0":{"name":"(anonymous_0)","decl":{"start":{"line":6,"column":0},"end":{"line":6,"column":12}},"loc":{"start":{"line":6,"column":19},"end":{"line":11,"column":1}}},"1":{"name":"(anonymous_1)","decl":{"start":{"line":13,"column":0},"end":{"line":13,"column":12}},"loc":{"start":{"line":13,"column":28},"end":{"line":18,"column":1}}},"2":{"name":"(anonymous_2)","decl":{"start":{"line":20,"column":0},"end":{"line":20,"column":13}},"loc":{"start":{"line":20,"column":0},"end":{"line":80,"column":1}}},"3":{"name":"(anonymous_3)","decl":{"start":{"line":28,"column":8},"end":{"line":28,"column":14}},"loc":{"start":{"line":28,"column":36},"end":{"line":35,"column":2}}},"4":{"name":"(anonymous_4)","decl":{"start":{"line":42,"column":8},"end":{"line":42,"column":14}},"loc":{"start":{"line":42,"column":39},"end":{"line":49,"column":2}}},"5":{"name":"(anonymous_5)","decl":{"start":{"line":51,"column":8},"end":{"line":51,"column":14}},"loc":{"start":{"line":56,"column":53},"end":{"line":61,"column":2}}},"6":{"name":"(anonymous_6)","decl":{"start":{"line":63,"column":8},"end":{"line":63,"column":14}},"loc":{"start":{"line":68,"column":53},"end":{"line":73,"column":2}}},"7":{"name":"(anonymous_7)","decl":{"start":{"line":75,"column":8},"end":{"line":75,"column":14}},"loc":{"start":{"line":75,"column":49},"end":{"line":79,"column":2}}}},"branchMap":{"0":{"loc":{"start":{"line":6,"column":12},"end":{"line":6,"column":19}},"type":"binary-expr","locations":[{"start":{"line":6,"column":12},"end":{"line":6,"column":19}},{"start":{"line":6,"column":12},"end":{"line":6,"column":null}}]},"1":{"loc":{"start":{"line":13,"column":12},"end":{"line":13,"column":28}},"type":"binary-expr","locations":[{"start":{"line":13,"column":12},"end":{"line":13,"column":28}},{"start":{"line":13,"column":12},"end":{"line":13,"column":null}}]},"2":{"loc":{"start":{"line":21,"column":28},"end":{"line":21,"column":45}},"type":"binary-expr","locations":[{"start":{"line":21,"column":28},"end":{"line":21,"column":45}},{"start":{"line":21,"column":49},"end":{"line":21,"column":54}}]},"3":{"loc":{"start":{"line":29,"column":2},"end":{"line":31,"column":null}},"type":"if","locations":[{"start":{"line":29,"column":2},"end":{"line":31,"column":null}},{"start":{"line":29,"column":2},"end":{"line":31,"column":null}}]},"4":{"loc":{"start":{"line":43,"column":2},"end":{"line":45,"column":null}},"type":"if","locations":[{"start":{"line":43,"column":2},"end":{"line":45,"column":null}},{"start":{"line":43,"column":2},"end":{"line":45,"column":null}}]},"5":{"loc":{"start":{"line":55,"column":23},"end":{"line":55,"column":38}},"type":"default-arg","locations":[{"start":{"line":55,"column":23},"end":{"line":55,"column":38}}]},"6":{"loc":{"start":{"line":56,"column":45},"end":{"line":56,"column":53}},"type":"default-arg","locations":[{"start":{"line":56,"column":45},"end":{"line":56,"column":53}}]},"7":{"loc":{"start":{"line":67,"column":23},"end":{"line":67,"column":38}},"type":"default-arg","locations":[{"start":{"line":67,"column":23},"end":{"line":67,"column":38}}]},"8":{"loc":{"start":{"line":68,"column":45},"end":{"line":68,"column":53}},"type":"default-arg","locations":[{"start":{"line":68,"column":45},"end":{"line":68,"column":53}}]}},"s":{"0":1,"1":1,"2":1,"3":1,"4":1,"5":1,"6":1,"7":1,"8":1,"9":1,"10":1,"11":0,"12":1,"13":1,"14":1,"15":1,"16":0,"17":0,"18":0,"19":0,"20":0,"21":0,"22":0,"23":0,"24":0,"25":0,"26":0,"27":1},"f":{"0":1,"1":1,"2":0,"3":1,"4":0,"5":0,"6":0,"7":0},"b":{"0":[1,1],"1":[1,1],"2":[0,0],"3":[1,0],"4":[0,0],"5":[0],"6":[0],"7":[0],"8":[0]}}
,"/Users/michael.may/Projects/_starter-api-nest/src/_core/lib/utils.ts": {"path":"/Users/michael.may/Projects/_starter-api-nest/src/_core/lib/utils.ts","statementMap":{"0":{"start":{"line":1,"column":0},"end":{"line":1,"column":9}},"1":{"start":{"line":1,"column":9},"end":{"line":1,"column":21}},"2":{"start":{"line":1,"column":21},"end":{"line":1,"column":65}},"3":{"start":{"line":2,"column":0},"end":{"line":2,"column":9}},"4":{"start":{"line":2,"column":9},"end":{"line":2,"column":42}}},"fnMap":{},"branchMap":{},"s":{"0":1,"1":1,"2":1,"3":1,"4":1},"f":{},"b":{}}
,"/Users/michael.may/Projects/_starter-api-nest/src/_core/lib/third-party/google-maps.ts": {"path":"/Users/michael.may/Projects/_starter-api-nest/src/_core/lib/third-party/google-maps.ts","statementMap":{"0":{"start":{"line":4,"column":13},"end":{"line":4,"column":46}},"1":{"start":{"line":9,"column":15},"end":{"line":11,"column":2}},"2":{"start":{"line":13,"column":0},"end":{"line":13,"column":null}},"3":{"start":{"line":20,"column":3},"end":{"line":22,"column":null}},"4":{"start":{"line":21,"column":4},"end":{"line":21,"column":57}},"5":{"start":{"line":24,"column":18},"end":{"line":30,"column":6}},"6":{"start":{"line":26,"column":5},"end":{"line":28,"column":null}},"7":{"start":{"line":27,"column":6},"end":{"line":27,"column":23}},"8":{"start":{"line":29,"column":5},"end":{"line":29,"column":18}},"9":{"start":{"line":32,"column":3},"end":{"line":42,"column":null}},"10":{"start":{"line":33,"column":4},"end":{"line":33,"column":36}},"11":{"start":{"line":34,"column":4},"end":{"line":36,"column":null}},"12":{"start":{"line":35,"column":5},"end":{"line":35,"column":27}},"13":{"start":{"line":38,"column":4},"end":{"line":40,"column":null}},"14":{"start":{"line":39,"column":5},"end":{"line":39,"column":20}},"15":{"start":{"line":41,"column":4},"end":{"line":41,"column":44}},"16":{"start":{"line":44,"column":3},"end":{"line":48,"column":null}},"17":{"start":{"line":45,"column":4},"end":{"line":45,"column":36}},"18":{"start":{"line":47,"column":4},"end":{"line":47,"column":28}},"19":{"start":{"line":15,"column":26},"end":{"line":15,"column":63}},"20":{"start":{"line":17,"column":17},"end":{"line":17,"column":88}},"21":{"start":{"line":14,"column":14},"end":{"line":50,"column":null}}},"fnMap":{"0":{"name":"(anonymous_6)","decl":{"start":{"line":13,"column":0},"end":{"line":13,"column":17}},"loc":{"start":{"line":13,"column":27},"end":{"line":51,"column":1}}},"1":{"name":"(anonymous_7)","decl":{"start":{"line":19,"column":9},"end":{"line":19,"column":15}},"loc":{"start":{"line":19,"column":59},"end":{"line":49,"column":null}}},"2":{"name":"(anonymous_9)","decl":{"start":{"line":25,"column":11},"end":{"line":25,"column":14}},"loc":{"start":{"line":25,"column":17},"end":{"line":30,"column":5}}}},"branchMap":{"0":{"loc":{"start":{"line":20,"column":3},"end":{"line":22,"column":null}},"type":"if","locations":[{"start":{"line":20,"column":3},"end":{"line":22,"column":null}},{"start":{"line":20,"column":3},"end":{"line":22,"column":null}}]},"1":{"loc":{"start":{"line":20,"column":6},"end":{"line":20,"column":13}},"type":"binary-expr","locations":[{"start":{"line":20,"column":6},"end":{"line":20,"column":13}},{"start":{"line":20,"column":17},"end":{"line":20,"column":31}}]},"2":{"loc":{"start":{"line":26,"column":5},"end":{"line":28,"column":null}},"type":"if","locations":[{"start":{"line":26,"column":5},"end":{"line":28,"column":null}},{"start":{"line":26,"column":5},"end":{"line":28,"column":null}}]},"3":{"loc":{"start":{"line":34,"column":4},"end":{"line":36,"column":null}},"type":"if","locations":[{"start":{"line":34,"column":4},"end":{"line":36,"column":null}},{"start":{"line":34,"column":4},"end":{"line":36,"column":null}}]},"4":{"loc":{"start":{"line":38,"column":4},"end":{"line":40,"column":null}},"type":"if","locations":[{"start":{"line":38,"column":4},"end":{"line":40,"column":null}},{"start":{"line":38,"column":4},"end":{"line":40,"column":null}}]},"5":{"loc":{"start":{"line":44,"column":3},"end":{"line":48,"column":null}},"type":"if","locations":[{"start":{"line":44,"column":3},"end":{"line":48,"column":null}},{"start":{"line":44,"column":3},"end":{"line":48,"column":null}}]},"6":{"loc":{"start":{"line":44,"column":6},"end":{"line":44,"column":15}},"type":"binary-expr","locations":[{"start":{"line":44,"column":6},"end":{"line":44,"column":15}},{"start":{"line":44,"column":19},"end":{"line":44,"column":36}}]},"7":{"loc":{"start":{"line":15,"column":36},"end":{"line":15,"column":53}},"type":"binary-expr","locations":[{"start":{"line":15,"column":36},"end":{"line":15,"column":53}},{"start":{"line":15,"column":57},"end":{"line":15,"column":62}}]},"8":{"loc":{"start":{"line":13,"column":17},"end":{"line":13,"column":27}},"type":"binary-expr","locations":[{"start":{"line":13,"column":17},"end":{"line":13,"column":27}},{"start":{"line":13,"column":17},"end":{"line":13,"column":null}}]}},"s":{"0":1,"1":1,"2":1,"3":0,"4":0,"5":0,"6":0,"7":0,"8":0,"9":0,"10":0,"11":0,"12":0,"13":0,"14":0,"15":0,"16":0,"17":0,"18":0,"19":1,"20":1,"21":1},"f":{"0":1,"1":0,"2":0},"b":{"0":[0,0],"1":[0,0],"2":[0,0],"3":[0,0],"4":[0,0],"5":[0,0],"6":[0,0],"7":[1,1],"8":[1,1]}}
,"/Users/michael.may/Projects/_starter-api-nest/src/_core/lib/utils/utils.time.ts": {"path":"/Users/michael.may/Projects/_starter-api-nest/src/_core/lib/utils/utils.time.ts","statementMap":{"0":{"start":{"line":3,"column":2},"end":{"line":5,"column":null}},"1":{"start":{"line":4,"column":3},"end":{"line":4,"column":12}},"2":{"start":{"line":7,"column":29},"end":{"line":7,"column":55}},"3":{"start":{"line":8,"column":23},"end":{"line":8,"column":61}},"4":{"start":{"line":10,"column":2},"end":{"line":21,"column":null}},"5":{"start":{"line":12,"column":4},"end":{"line":12,"column":46}},"6":{"start":{"line":14,"column":4},"end":{"line":14,"column":46}},"7":{"start":{"line":16,"column":4},"end":{"line":16,"column":46}},"8":{"start":{"line":18,"column":4},"end":{"line":18,"column":46}},"9":{"start":{"line":20,"column":4},"end":{"line":20,"column":13}},"10":{"start":{"line":25,"column":2},"end":{"line":27,"column":null}},"11":{"start":{"line":26,"column":3},"end":{"line":26,"column":48}},"12":{"start":{"line":28,"column":2},"end":{"line":30,"column":null}},"13":{"start":{"line":29,"column":3},"end":{"line":29,"column":47}},"14":{"start":{"line":31,"column":2},"end":{"line":33,"column":null}},"15":{"start":{"line":32,"column":3},"end":{"line":32,"column":50}},"16":{"start":{"line":34,"column":2},"end":{"line":36,"column":null}},"17":{"start":{"line":35,"column":3},"end":{"line":35,"column":50}},"18":{"start":{"line":37,"column":2},"end":{"line":37,"column":24}},"19":{"start":{"line":42,"column":2},"end":{"line":42,"column":19}},"20":{"start":{"line":46,"column":2},"end":{"line":46,"column":29}},"21":{"start":{"line":50,"column":2},"end":{"line":50,"column":29}},"22":{"start":{"line":54,"column":2},"end":{"line":54,"column":29}},"23":{"start":{"line":59,"column":2},"end":{"line":59,"column":18}},"24":{"start":{"line":63,"column":2},"end":{"line":63,"column":28}},"25":{"start":{"line":67,"column":2},"end":{"line":67,"column":28}},"26":{"start":{"line":71,"column":2},"end":{"line":71,"column":28}},"27":{"start":{"line":1,"column":0},"end":{"line":1,"column":13}}},"fnMap":{"0":{"name":"(anonymous_0)","decl":{"start":{"line":2,"column":8},"end":{"line":2,"column":14}},"loc":{"start":{"line":2,"column":56},"end":{"line":22,"column":2}}},"1":{"name":"(anonymous_1)","decl":{"start":{"line":24,"column":8},"end":{"line":24,"column":14}},"loc":{"start":{"line":24,"column":63},"end":{"line":38,"column":2}}},"2":{"name":"(anonymous_2)","decl":{"start":{"line":41,"column":8},"end":{"line":41,"column":14}},"loc":{"start":{"line":41,"column":23},"end":{"line":43,"column":2}}},"3":{"name":"(anonymous_3)","decl":{"start":{"line":45,"column":8},"end":{"line":45,"column":14}},"loc":{"start":{"line":45,"column":23},"end":{"line":47,"column":2}}},"4":{"name":"(anonymous_4)","decl":{"start":{"line":49,"column":8},"end":{"line":49,"column":14}},"loc":{"start":{"line":49,"column":23},"end":{"line":51,"column":2}}},"5":{"name":"(anonymous_5)","decl":{"start":{"line":53,"column":8},"end":{"line":53,"column":14}},"loc":{"start":{"line":53,"column":23},"end":{"line":55,"column":2}}},"6":{"name":"(anonymous_6)","decl":{"start":{"line":58,"column":8},"end":{"line":58,"column":14}},"loc":{"start":{"line":58,"column":22},"end":{"line":60,"column":2}}},"7":{"name":"(anonymous_7)","decl":{"start":{"line":62,"column":8},"end":{"line":62,"column":14}},"loc":{"start":{"line":62,"column":22},"end":{"line":64,"column":2}}},"8":{"name":"(anonymous_8)","decl":{"start":{"line":66,"column":8},"end":{"line":66,"column":14}},"loc":{"start":{"line":66,"column":22},"end":{"line":68,"column":2}}},"9":{"name":"(anonymous_9)","decl":{"start":{"line":70,"column":8},"end":{"line":70,"column":14}},"loc":{"start":{"line":70,"column":22},"end":{"line":72,"column":2}}}},"branchMap":{"0":{"loc":{"start":{"line":3,"column":2},"end":{"line":5,"column":null}},"type":"if","locations":[{"start":{"line":3,"column":2},"end":{"line":5,"column":null}},{"start":{"line":3,"column":2},"end":{"line":5,"column":null}}]},"1":{"loc":{"start":{"line":11,"column":3},"end":{"line":12,"column":46}},"type":"switch","locations":[{"start":{"line":11,"column":3},"end":{"line":12,"column":46}},{"start":{"line":13,"column":3},"end":{"line":14,"column":46}},{"start":{"line":15,"column":3},"end":{"line":16,"column":46}},{"start":{"line":17,"column":3},"end":{"line":18,"column":46}},{"start":{"line":19,"column":3},"end":{"line":20,"column":13}}]},"2":{"loc":{"start":{"line":25,"column":2},"end":{"line":27,"column":null}},"type":"if","locations":[{"start":{"line":25,"column":2},"end":{"line":27,"column":null}},{"start":{"line":25,"column":2},"end":{"line":27,"column":null}}]},"3":{"loc":{"start":{"line":28,"column":2},"end":{"line":30,"column":null}},"type":"if","locations":[{"start":{"line":28,"column":2},"end":{"line":30,"column":null}},{"start":{"line":28,"column":2},"end":{"line":30,"column":null}}]},"4":{"loc":{"start":{"line":31,"column":2},"end":{"line":33,"column":null}},"type":"if","locations":[{"start":{"line":31,"column":2},"end":{"line":33,"column":null}},{"start":{"line":31,"column":2},"end":{"line":33,"column":null}}]},"5":{"loc":{"start":{"line":34,"column":2},"end":{"line":36,"column":null}},"type":"if","locations":[{"start":{"line":34,"column":2},"end":{"line":36,"column":null}},{"start":{"line":34,"column":2},"end":{"line":36,"column":null}}]}},"s":{"0":1,"1":0,"2":1,"3":1,"4":1,"5":1,"6":0,"7":0,"8":0,"9":0,"10":1,"11":1,"12":0,"13":0,"14":0,"15":0,"16":0,"17":0,"18":0,"19":0,"20":0,"21":0,"22":0,"23":1,"24":1,"25":1,"26":0,"27":1},"f":{"0":1,"1":1,"2":0,"3":0,"4":0,"5":0,"6":1,"7":1,"8":1,"9":0},"b":{"0":[0,1],"1":[1,0,0,0,0],"2":[1,0],"3":[0,0],"4":[0,0],"5":[0,0]}}
,"/Users/michael.may/Projects/_starter-api-nest/src/_core/lib/utils/utils.validation.ts": {"path":"/Users/michael.may/Projects/_starter-api-nest/src/_core/lib/utils/utils.validation.ts","statementMap":{"0":{"start":{"line":6,"column":0},"end":{"line":6,"column":56}},"1":{"start":{"line":8,"column":16},"end":{"line":8,"column":42}},"2":{"start":{"line":10,"column":0},"end":{"line":10,"column":null}},"3":{"start":{"line":11,"column":1},"end":{"line":11,"column":null}},"4":{"start":{"line":12,"column":1},"end":{"line":12,"column":null}},"5":{"start":{"line":13,"column":1},"end":{"line":13,"column":null}},"6":{"start":{"line":19,"column":2},"end":{"line":28,"column":null}},"7":{"start":{"line":21,"column":4},"end":{"line":21,"column":38}},"8":{"start":{"line":23,"column":4},"end":{"line":23,"column":45}},"9":{"start":{"line":25,"column":4},"end":{"line":25,"column":53}},"10":{"start":{"line":27,"column":4},"end":{"line":27,"column":42}},"11":{"start":{"line":32,"column":2},"end":{"line":34,"column":null}},"12":{"start":{"line":33,"column":3},"end":{"line":33,"column":15}},"13":{"start":{"line":35,"column":2},"end":{"line":35,"column":15}},"14":{"start":{"line":39,"column":2},"end":{"line":41,"column":null}},"15":{"start":{"line":40,"column":3},"end":{"line":40,"column":16}},"16":{"start":{"line":44,"column":2},"end":{"line":44,"column":40}},"17":{"start":{"line":48,"column":2},"end":{"line":52,"column":null}},"18":{"start":{"line":49,"column":3},"end":{"line":51,"column":5}},"19":{"start":{"line":54,"column":2},"end":{"line":68,"column":null}},"20":{"start":{"line":54,"column":14},"end":{"line":54,"column":15}},"21":{"start":{"line":55,"column":17},"end":{"line":55,"column":36}},"22":{"start":{"line":56,"column":3},"end":{"line":67,"column":null}},"23":{"start":{"line":63,"column":5},"end":{"line":65,"column":null}},"24":{"start":{"line":64,"column":6},"end":{"line":64,"column":19}},"25":{"start":{"line":66,"column":5},"end":{"line":66,"column":11}},"26":{"start":{"line":70,"column":2},"end":{"line":70,"column":14}},"27":{"start":{"line":75,"column":19},"end":{"line":79,"column":5}},"28":{"start":{"line":77,"column":4},"end":{"line":77,"column":21}},"29":{"start":{"line":78,"column":4},"end":{"line":78,"column":17}},"30":{"start":{"line":81,"column":2},"end":{"line":83,"column":null}},"31":{"start":{"line":82,"column":3},"end":{"line":82,"column":16}},"32":{"start":{"line":85,"column":2},"end":{"line":87,"column":null}},"33":{"start":{"line":86,"column":3},"end":{"line":86,"column":15}},"34":{"start":{"line":89,"column":21},"end":{"line":89,"column":53}},"35":{"start":{"line":90,"column":15},"end":{"line":90,"column":34}},"36":{"start":{"line":91,"column":2},"end":{"line":126,"column":null}},"37":{"start":{"line":91,"column":14},"end":{"line":91,"column":15}},"38":{"start":{"line":92,"column":3},"end":{"line":125,"column":null}},"39":{"start":{"line":96,"column":23},"end":{"line":97,"column":null}},"40":{"start":{"line":97,"column":11},"end":{"line":97,"column":42}},"41":{"start":{"line":100,"column":5},"end":{"line":107,"column":null}},"42":{"start":{"line":101,"column":6},"end":{"line":101,"column":19}},"43":{"start":{"line":103,"column":6},"end":{"line":106,"column":null}},"44":{"start":{"line":104,"column":7},"end":{"line":104,"column":35}},"45":{"start":{"line":105,"column":7},"end":{"line":105,"column":20}},"46":{"start":{"line":108,"column":5},"end":{"line":108,"column":11}},"47":{"start":{"line":112,"column":20},"end":{"line":113,"column":null}},"48":{"start":{"line":113,"column":11},"end":{"line":113,"column":62}},"49":{"start":{"line":116,"column":5},"end":{"line":123,"column":null}},"50":{"start":{"line":117,"column":6},"end":{"line":117,"column":19}},"51":{"start":{"line":119,"column":6},"end":{"line":122,"column":null}},"52":{"start":{"line":120,"column":7},"end":{"line":120,"column":33}},"53":{"start":{"line":121,"column":7},"end":{"line":121,"column":20}},"54":{"start":{"line":124,"column":5},"end":{"line":124,"column":11}},"55":{"start":{"line":128,"column":2},"end":{"line":128,"column":26}},"56":{"start":{"line":130,"column":2},"end":{"line":130,"column":14}},"57":{"start":{"line":16,"column":0},"end":{"line":16,"column":13}}},"fnMap":{"0":{"name":"(anonymous_6)","decl":{"start":{"line":10,"column":0},"end":{"line":10,"column":12}},"loc":{"start":{"line":10,"column":21},"end":{"line":14,"column":1}}},"1":{"name":"(anonymous_7)","decl":{"start":{"line":18,"column":8},"end":{"line":18,"column":14}},"loc":{"start":{"line":18,"column":66},"end":{"line":29,"column":null}}},"2":{"name":"(anonymous_9)","decl":{"start":{"line":31,"column":9},"end":{"line":31,"column":15}},"loc":{"start":{"line":31,"column":34},"end":{"line":36,"column":2}}},"3":{"name":"(anonymous_10)","decl":{"start":{"line":38,"column":9},"end":{"line":38,"column":15}},"loc":{"start":{"line":38,"column":52},"end":{"line":71,"column":2}}},"4":{"name":"(anonymous_11)","decl":{"start":{"line":74,"column":9},"end":{"line":74,"column":15}},"loc":{"start":{"line":74,"column":61},"end":{"line":131,"column":null}}},"5":{"name":"(anonymous_13)","decl":{"start":{"line":76,"column":10},"end":{"line":76,"column":13}},"loc":{"start":{"line":76,"column":16},"end":{"line":79,"column":4}}},"6":{"name":"(anonymous_14)","decl":{"start":{"line":97,"column":6},"end":{"line":97,"column":7}},"loc":{"start":{"line":97,"column":11},"end":{"line":97,"column":42}}},"7":{"name":"(anonymous_15)","decl":{"start":{"line":113,"column":6},"end":{"line":113,"column":7}},"loc":{"start":{"line":113,"column":11},"end":{"line":113,"column":62}}}},"branchMap":{"0":{"loc":{"start":{"line":8,"column":16},"end":{"line":8,"column":33}},"type":"binary-expr","locations":[{"start":{"line":8,"column":16},"end":{"line":8,"column":33}},{"start":{"line":8,"column":37},"end":{"line":8,"column":42}}]},"1":{"loc":{"start":{"line":10,"column":12},"end":{"line":10,"column":21}},"type":"binary-expr","locations":[{"start":{"line":10,"column":12},"end":{"line":10,"column":21}},{"start":{"line":10,"column":12},"end":{"line":10,"column":null}}]},"2":{"loc":{"start":{"line":20,"column":3},"end":{"line":21,"column":38}},"type":"switch","locations":[{"start":{"line":20,"column":3},"end":{"line":21,"column":38}},{"start":{"line":22,"column":3},"end":{"line":23,"column":45}},{"start":{"line":24,"column":3},"end":{"line":25,"column":53}},{"start":{"line":26,"column":3},"end":{"line":27,"column":42}}]},"3":{"loc":{"start":{"line":32,"column":2},"end":{"line":34,"column":null}},"type":"if","locations":[{"start":{"line":32,"column":2},"end":{"line":34,"column":null}},{"start":{"line":32,"column":2},"end":{"line":34,"column":null}}]},"4":{"loc":{"start":{"line":32,"column":5},"end":{"line":32,"column":28}},"type":"binary-expr","locations":[{"start":{"line":32,"column":5},"end":{"line":32,"column":28}},{"start":{"line":32,"column":32},"end":{"line":32,"column":53}}]},"5":{"loc":{"start":{"line":39,"column":2},"end":{"line":41,"column":null}},"type":"if","locations":[{"start":{"line":39,"column":2},"end":{"line":41,"column":null}},{"start":{"line":39,"column":2},"end":{"line":41,"column":null}}]},"6":{"loc":{"start":{"line":48,"column":2},"end":{"line":52,"column":null}},"type":"if","locations":[{"start":{"line":48,"column":2},"end":{"line":52,"column":null}},{"start":{"line":48,"column":2},"end":{"line":52,"column":null}}]},"7":{"loc":{"start":{"line":48,"column":5},"end":{"line":48,"column":12}},"type":"binary-expr","locations":[{"start":{"line":48,"column":5},"end":{"line":48,"column":12}},{"start":{"line":48,"column":17},"end":{"line":48,"column":34}},{"start":{"line":48,"column":38},"end":{"line":48,"column":62}}]},"8":{"loc":{"start":{"line":57,"column":4},"end":{"line":57,"column":14}},"type":"switch","locations":[{"start":{"line":57,"column":4},"end":{"line":57,"column":14}},{"start":{"line":58,"column":4},"end":{"line":66,"column":11}}]},"9":{"loc":{"start":{"line":63,"column":5},"end":{"line":65,"column":null}},"type":"if","locations":[{"start":{"line":63,"column":5},"end":{"line":65,"column":null}},{"start":{"line":63,"column":5},"end":{"line":65,"column":null}}]},"10":{"loc":{"start":{"line":81,"column":2},"end":{"line":83,"column":null}},"type":"if","locations":[{"start":{"line":81,"column":2},"end":{"line":83,"column":null}},{"start":{"line":81,"column":2},"end":{"line":83,"column":null}}]},"11":{"loc":{"start":{"line":81,"column":5},"end":{"line":81,"column":16}},"type":"binary-expr","locations":[{"start":{"line":81,"column":5},"end":{"line":81,"column":16}},{"start":{"line":81,"column":20},"end":{"line":81,"column":34}}]},"12":{"loc":{"start":{"line":85,"column":2},"end":{"line":87,"column":null}},"type":"if","locations":[{"start":{"line":85,"column":2},"end":{"line":87,"column":null}},{"start":{"line":85,"column":2},"end":{"line":87,"column":null}}]},"13":{"loc":{"start":{"line":93,"column":4},"end":{"line":108,"column":11}},"type":"switch","locations":[{"start":{"line":93,"column":4},"end":{"line":108,"column":11}},{"start":{"line":109,"column":4},"end":{"line":124,"column":11}}]},"14":{"loc":{"start":{"line":100,"column":5},"end":{"line":107,"column":null}},"type":"if","locations":[{"start":{"line":100,"column":5},"end":{"line":107,"column":null}},{"start":{"line":100,"column":5},"end":{"line":107,"column":null}}]},"15":{"loc":{"start":{"line":100,"column":8},"end":{"line":100,"column":18}},"type":"binary-expr","locations":[{"start":{"line":100,"column":8},"end":{"line":100,"column":18}},{"start":{"line":100,"column":22},"end":{"line":100,"column":39}}]},"16":{"loc":{"start":{"line":103,"column":6},"end":{"line":106,"column":null}},"type":"if","locations":[{"start":{"line":103,"column":6},"end":{"line":106,"column":null}},{"start":{"line":103,"column":6},"end":{"line":106,"column":null}}]},"17":{"loc":{"start":{"line":116,"column":5},"end":{"line":123,"column":null}},"type":"if","locations":[{"start":{"line":116,"column":5},"end":{"line":123,"column":null}},{"start":{"line":116,"column":5},"end":{"line":123,"column":null}}]},"18":{"loc":{"start":{"line":116,"column":8},"end":{"line":116,"column":15}},"type":"binary-expr","locations":[{"start":{"line":116,"column":8},"end":{"line":116,"column":15}},{"start":{"line":116,"column":19},"end":{"line":116,"column":33}}]},"19":{"loc":{"start":{"line":119,"column":6},"end":{"line":122,"column":null}},"type":"if","locations":[{"start":{"line":119,"column":6},"end":{"line":122,"column":null}},{"start":{"line":119,"column":6},"end":{"line":122,"column":null}}]}},"s":{"0":1,"1":1,"2":1,"3":1,"4":1,"5":1,"6":4,"7":2,"8":2,"9":0,"10":0,"11":2,"12":1,"13":1,"14":2,"15":0,"16":2,"17":2,"18":2,"19":2,"20":2,"21":2,"22":2,"23":2,"24":1,"25":1,"26":1,"27":0,"28":0,"29":0,"30":0,"31":0,"32":0,"33":0,"34":0,"35":0,"36":0,"37":0,"38":0,"39":0,"40":0,"41":0,"42":0,"43":0,"44":0,"45":0,"46":0,"47":0,"48":0,"49":0,"50":0,"51":0,"52":0,"53":0,"54":0,"55":0,"56":0,"57":1},"f":{"0":1,"1":4,"2":2,"3":2,"4":0,"5":0,"6":0,"7":0},"b":{"0":[1,1],"1":[1,1],"2":[2,2,0,0],"3":[1,1],"4":[2,2],"5":[0,2],"6":[2,0],"7":[2,0,0],"8":[2,2],"9":[1,1],"10":[0,0],"11":[0,0],"12":[0,0],"13":[0,0],"14":[0,0],"15":[0,0],"16":[0,0],"17":[0,0],"18":[0,0],"19":[0,0]}}
}
