TN:
SF:/Users/michael.may/Projects/_starter-api-nest/src/_core/lib/crypt.ts
FN:6,(anonymous_0)
FN:13,(anonymous_1)
FN:20,(anonymous_2)
FN:28,(anonymous_3)
FN:42,(anonymous_4)
FN:51,(anonymous_5)
FN:63,(anonymous_6)
FN:75,(anonymous_7)
FNF:8
FNH:3
FNDA:1,(anonymous_0)
FNDA:1,(anonymous_1)
FNDA:0,(anonymous_2)
FNDA:1,(anonymous_3)
FNDA:0,(anonymous_4)
FNDA:0,(anonymous_5)
FNDA:0,(anonymous_6)
FNDA:0,(anonymous_7)
DA:4,1
DA:6,1
DA:7,1
DA:8,1
DA:9,1
DA:10,1
DA:13,1
DA:14,1
DA:15,1
DA:16,1
DA:17,1
DA:20,1
DA:21,0
DA:29,1
DA:30,1
DA:32,1
DA:34,1
DA:43,0
DA:44,0
DA:46,0
DA:48,0
DA:58,0
DA:60,0
DA:70,0
DA:72,0
DA:76,0
DA:77,0
DA:78,0
LF:28
LH:16
BRDA:6,0,0,1
BRDA:6,0,1,1
BRDA:13,1,0,1
BRDA:13,1,1,1
BRDA:21,2,0,0
BRDA:21,2,1,0
BRDA:29,3,0,1
BRDA:29,3,1,0
BRDA:43,4,0,0
BRDA:43,4,1,0
BRDA:55,5,0,0
BRDA:56,6,0,0
BRDA:67,7,0,0
BRDA:68,8,0,0
BRF:14
BRH:5
end_of_record
TN:
SF:/Users/michael.may/Projects/_starter-api-nest/src/_core/lib/utils.ts
FNF:0
FNH:0
DA:1,1
DA:2,1
LF:2
LH:2
BRF:0
BRH:0
end_of_record
TN:
SF:/Users/michael.may/Projects/_starter-api-nest/src/_core/lib/third-party/google-maps.ts
FN:13,(anonymous_6)
FN:19,(anonymous_7)
FN:25,(anonymous_9)
FNF:3
FNH:1
FNDA:1,(anonymous_6)
FNDA:0,(anonymous_7)
FNDA:0,(anonymous_9)
DA:4,1
DA:9,1
DA:13,1
DA:14,1
DA:15,1
DA:17,1
DA:20,0
DA:21,0
DA:24,0
DA:26,0
DA:27,0
DA:29,0
DA:32,0
DA:33,0
DA:34,0
DA:35,0
DA:38,0
DA:39,0
DA:41,0
DA:44,0
DA:45,0
DA:47,0
LF:22
LH:6
BRDA:20,0,0,0
BRDA:20,0,1,0
BRDA:20,1,0,0
BRDA:20,1,1,0
BRDA:26,2,0,0
BRDA:26,2,1,0
BRDA:34,3,0,0
BRDA:34,3,1,0
BRDA:38,4,0,0
BRDA:38,4,1,0
BRDA:44,5,0,0
BRDA:44,5,1,0
BRDA:44,6,0,0
BRDA:44,6,1,0
BRDA:15,7,0,1
BRDA:15,7,1,1
BRDA:13,8,0,1
BRDA:13,8,1,1
BRF:18
BRH:4
end_of_record
TN:
SF:/Users/michael.may/Projects/_starter-api-nest/src/_core/lib/utils/utils.time.ts
FN:2,(anonymous_0)
FN:24,(anonymous_1)
FN:41,(anonymous_2)
FN:45,(anonymous_3)
FN:49,(anonymous_4)
FN:53,(anonymous_5)
FN:58,(anonymous_6)
FN:62,(anonymous_7)
FN:66,(anonymous_8)
FN:70,(anonymous_9)
FNF:10
FNH:5
FNDA:1,(anonymous_0)
FNDA:1,(anonymous_1)
FNDA:0,(anonymous_2)
FNDA:0,(anonymous_3)
FNDA:0,(anonymous_4)
FNDA:0,(anonymous_5)
FNDA:1,(anonymous_6)
FNDA:1,(anonymous_7)
FNDA:1,(anonymous_8)
FNDA:0,(anonymous_9)
DA:1,1
DA:3,1
DA:4,0
DA:7,1
DA:8,1
DA:10,1
DA:12,1
DA:14,0
DA:16,0
DA:18,0
DA:20,0
DA:25,1
DA:26,1
DA:28,0
DA:29,0
DA:31,0
DA:32,0
DA:34,0
DA:35,0
DA:37,0
DA:42,0
DA:46,0
DA:50,0
DA:54,0
DA:59,1
DA:63,1
DA:67,1
DA:71,0
LF:28
LH:11
BRDA:3,0,0,0
BRDA:3,0,1,1
BRDA:11,1,0,1
BRDA:11,1,1,0
BRDA:11,1,2,0
BRDA:11,1,3,0
BRDA:11,1,4,0
BRDA:25,2,0,1
BRDA:25,2,1,0
BRDA:28,3,0,0
BRDA:28,3,1,0
BRDA:31,4,0,0
BRDA:31,4,1,0
BRDA:34,5,0,0
BRDA:34,5,1,0
BRF:15
BRH:3
end_of_record
TN:
SF:/Users/michael.may/Projects/_starter-api-nest/src/_core/lib/utils/utils.validation.ts
FN:10,(anonymous_6)
FN:18,(anonymous_7)
FN:31,(anonymous_9)
FN:38,(anonymous_10)
FN:74,(anonymous_11)
FN:76,(anonymous_13)
FN:97,(anonymous_14)
FN:113,(anonymous_15)
FNF:8
FNH:4
FNDA:1,(anonymous_6)
FNDA:4,(anonymous_7)
FNDA:2,(anonymous_9)
FNDA:2,(anonymous_10)
FNDA:0,(anonymous_11)
FNDA:0,(anonymous_13)
FNDA:0,(anonymous_14)
FNDA:0,(anonymous_15)
DA:6,1
DA:8,1
DA:10,1
DA:11,1
DA:12,1
DA:13,1
DA:16,1
DA:19,4
DA:21,2
DA:23,2
DA:25,0
DA:27,0
DA:32,2
DA:33,1
DA:35,1
DA:39,2
DA:40,0
DA:44,2
DA:48,2
DA:49,2
DA:54,2
DA:55,2
DA:56,2
DA:63,2
DA:64,1
DA:66,1
DA:70,1
DA:75,0
DA:77,0
DA:78,0
DA:81,0
DA:82,0
DA:85,0
DA:86,0
DA:89,0
DA:90,0
DA:91,0
DA:92,0
DA:96,0
DA:97,0
DA:100,0
DA:101,0
DA:103,0
DA:104,0
DA:105,0
DA:108,0
DA:112,0
DA:113,0
DA:116,0
DA:117,0
DA:119,0
DA:120,0
DA:121,0
DA:124,0
DA:128,0
DA:130,0
LF:56
LH:24
BRDA:8,0,0,1
BRDA:8,0,1,1
BRDA:10,1,0,1
BRDA:10,1,1,1
BRDA:20,2,0,2
BRDA:20,2,1,2
BRDA:20,2,2,0
BRDA:20,2,3,0
BRDA:32,3,0,1
BRDA:32,3,1,1
BRDA:32,4,0,2
BRDA:32,4,1,2
BRDA:39,5,0,0
BRDA:39,5,1,2
BRDA:48,6,0,2
BRDA:48,6,1,0
BRDA:48,7,0,2
BRDA:48,7,1,0
BRDA:48,7,2,0
BRDA:57,8,0,2
BRDA:57,8,1,2
BRDA:63,9,0,1
BRDA:63,9,1,1
BRDA:81,10,0,0
BRDA:81,10,1,0
BRDA:81,11,0,0
BRDA:81,11,1,0
BRDA:85,12,0,0
BRDA:85,12,1,0
BRDA:93,13,0,0
BRDA:93,13,1,0
BRDA:100,14,0,0
BRDA:100,14,1,0
BRDA:100,15,0,0
BRDA:100,15,1,0
BRDA:103,16,0,0
BRDA:103,16,1,0
BRDA:116,17,0,0
BRDA:116,17,1,0
BRDA:116,18,0,0
BRDA:116,18,1,0
BRDA:119,19,0,0
BRDA:119,19,1,0
BRF:43
BRH:17
end_of_record
